12:02:03.082 [main] INFO  com.ebankingprpject.TestCases.TC_001_LoginTest - Starting TC_001_LoginTest
12:23:42.216 [main] INFO  com.ebankingprpject.TestCases.TC_001_LoginTest - Starting TC_001_LoginTest
12:33:30.439 [main] INFO  com.ebankingprpject.TestCases.TC_001_LoginTest - Starting TC_001_LoginTest
12:40:32.767 [main] INFO  com.ebankingprpject.TestCases.TC_001_LoginTest - Starting TC_001_LoginTest
13:03:32.388 [main] INFO  com.ebankingprpject.TestCases.TC_003_RegistrationTest -  Finished TC_003_RegistrationTest
13:06:56.558 [main] INFO  com.ebankingprpject.TestCases.TC_003_RegistrationTest -  Finished TC_003_RegistrationTest
13:20:40.787 [TestNG-tests-1] INFO  com.ebankingprpject.TestCases.TC_003_RegistrationTest -  Finished TC_003_RegistrationTest
13:20:47.919 [TestNG-tests-2] INFO  com.ebankingprpject.TestCases.TC_003_RegistrationTest -  Finished TC_003_RegistrationTest
13:22:03.758 [main] INFO  com.ebankingprpject.TestCases.TC_003_RegistrationTest -  Finished TC_003_RegistrationTest
13:22:16.947 [main] INFO  com.ebankingprpject.TestCases.TC_003_RegistrationTest -  Finished TC_003_RegistrationTest
08:54:07.113 [main] INFO  com.ebankingprpject.TestCases.TC_003_RegistrationTest -  Finished TC_003_RegistrationTest
08:58:42.082 [main] INFO  com.ebankingprpject.TestCases.TC_003_RegistrationTest -  Finished TC_003_RegistrationTest
09:02:52.771 [main] INFO  com.ebankingprpject.TestCases.TC_003_RegistrationTest -  Finished TC_003_RegistrationTest
09:05:12.804 [main] INFO  com.ebankingprpject.TestCases.TC_003_RegistrationTest -  Finished TC_003_RegistrationTest
10:31:40.831 [main] INFO  com.ebankingprpject.TestCases.TC_003_RegistrationTest -  Finished TC_003_RegistrationTest
10:48:03.562 [main] INFO  com.ebankingprpject.TestCases.TC_003_RegistrationTest -  Finished TC_003_RegistrationTest
12:26:56.818 [main] INFO  com.ebankingprpject.TestCases.TC_003_RegistrationTest -  Finished TC_003_RegistrationTest
10:28:56.809 [main] INFO  com.ebankingprpject.TestCases.TC_003_RegistrationTest -  Finished TC_003_RegistrationTest
10:37:44.147 [main] INFO  com.ebankingprpject.TestCases.TC_003_RegistrationTest -  Finished TC_003_RegistrationTest
10:40:16.962 [main] INFO  com.ebankingprpject.TestCases.TC_003_RegistrationTest -  Finished TC_003_RegistrationTest
10:51:34.946 [main] INFO  com.ebankingprpject.TestCases.TC_003_RegistrationTest -  Finished TC_003_RegistrationTest
17:11:13.192 [main] INFO  com.ebankingprpject.TestCases.TC_001_LoginTest - Starting TC_001_LoginTest
17:36:40.044 [main] INFO  com.ebankingprpject.TestCases.TC_001_LoginTest - Starting TC_001_LoginTest
17:42:00.139 [main] INFO  com.ebankingprpject.TestCases.TC_001_LoginTest - Starting TC_001_LoginTest
22:24:21.277 [main] INFO  com.ebankingprpject.TestCases.TC_001_LoginTest - Starting TC_001_LoginTest
22:41:36.270 [main] INFO  com.ebankingprpject.TestCases.TC_001_LoginTest - Starting TC_001_LoginTest
22:04:07.951 [main] INFO  com.ebankingprpject.TestCases.TC_001_LoginTest - Starting TC_001_LoginTest
19:41:06.999 [main] INFO  com.ebankingprpject.TestCases.TC_001_LoginTest - Starting TC_001_LoginTest
21:29:22.476 [main] INFO  com.ebankingprpject.TestCases.TC_003_LoginDataDrivenTest -  Starting TC_003_LoginDataDrivenTest 
21:33:19.566 [main] INFO  com.ebankingprpject.TestCases.TC_003_LoginDataDrivenTest -  Finished TC_003_LoginDataDrivenTest
21:33:19.592 [main] INFO  com.ebankingprpject.TestCases.TC_003_LoginDataDrivenTest -  Starting TC_003_LoginDataDrivenTest 
21:34:59.914 [main] INFO  com.ebankingprpject.TestCases.TC_003_LoginDataDrivenTest -  Starting TC_003_LoginDataDrivenTest 
21:36:40.163 [main] INFO  com.ebankingprpject.TestCases.TC_003_LoginDataDrivenTest -  Starting TC_003_LoginDataDrivenTest 
21:38:20.412 [main] INFO  com.ebankingprpject.TestCases.TC_003_LoginDataDrivenTest -  Starting TC_003_LoginDataDrivenTest 
21:45:40.496 [main] INFO  com.ebankingprpject.TestCases.TC_003_LoginDataDrivenTest -  Starting TC_003_LoginDataDrivenTest 
21:49:51.810 [main] INFO  com.ebankingprpject.TestCases.TC_003_LoginDataDrivenTest -  Finished TC_003_LoginDataDrivenTest
21:49:51.836 [main] INFO  com.ebankingprpject.TestCases.TC_003_LoginDataDrivenTest -  Starting TC_003_LoginDataDrivenTest 
21:51:32.161 [main] INFO  com.ebankingprpject.TestCases.TC_003_LoginDataDrivenTest -  Starting TC_003_LoginDataDrivenTest 
21:53:12.506 [main] INFO  com.ebankingprpject.TestCases.TC_003_LoginDataDrivenTest -  Starting TC_003_LoginDataDrivenTest 
21:56:24.702 [main] INFO  com.ebankingprpject.TestCases.TC_003_LoginDataDrivenTest -  Starting TC_003_LoginDataDrivenTest 
21:59:22.662 [main] INFO  com.ebankingprpject.TestCases.TC_003_LoginDataDrivenTest -  Finished TC_003_LoginDataDrivenTest
21:59:22.691 [main] INFO  com.ebankingprpject.TestCases.TC_003_LoginDataDrivenTest -  Starting TC_003_LoginDataDrivenTest 
06:49:19.804 [main] INFO  com.ebankingprpject.TestCases.TC_003_LoginDataDrivenTest -  Starting TC_003_LoginDataDrivenTest 
06:52:17.755 [main] INFO  com.ebankingprpject.TestCases.TC_003_LoginDataDrivenTest -  Finished TC_003_LoginDataDrivenTest
06:52:17.783 [main] INFO  com.ebankingprpject.TestCases.TC_003_LoginDataDrivenTest -  Starting TC_003_LoginDataDrivenTest 
06:53:58.063 [main] INFO  com.ebankingprpject.TestCases.TC_003_LoginDataDrivenTest -  Starting TC_003_LoginDataDrivenTest 
06:55:38.271 [main] INFO  com.ebankingprpject.TestCases.TC_003_LoginDataDrivenTest -  Starting TC_003_LoginDataDrivenTest 
06:57:18.496 [main] INFO  com.ebankingprpject.TestCases.TC_003_LoginDataDrivenTest -  Starting TC_003_LoginDataDrivenTest 
07:18:04.450 [main] INFO  com.ebankingprpject.TestCases.TC_003_LoginDataDrivenTest -  Starting TC_003_LoginDataDrivenTest 
07:22:04.097 [main] INFO  com.ebankingprpject.TestCases.TC_003_LoginDataDrivenTest -  Finished TC_003_LoginDataDrivenTest
07:22:04.133 [main] INFO  com.ebankingprpject.TestCases.TC_003_LoginDataDrivenTest -  Starting TC_003_LoginDataDrivenTest 
07:23:44.501 [main] INFO  com.ebankingprpject.TestCases.TC_003_LoginDataDrivenTest -  Starting TC_003_LoginDataDrivenTest 
07:25:24.755 [main] INFO  com.ebankingprpject.TestCases.TC_003_LoginDataDrivenTest -  Starting TC_003_LoginDataDrivenTest 
07:27:04.967 [main] INFO  com.ebankingprpject.TestCases.TC_003_LoginDataDrivenTest -  Starting TC_003_LoginDataDrivenTest 
07:35:16.165 [main] WARN  org.apache.poi.openxml4j.opc.OPCPackage - Unable to call close() on a package that hasn't been fully opened yet
07:41:55.571 [main] WARN  org.apache.poi.openxml4j.opc.OPCPackage - Unable to call close() on a package that hasn't been fully opened yet
07:44:31.915 [main] WARN  org.apache.poi.openxml4j.opc.OPCPackage - Unable to call close() on a package that hasn't been fully opened yet
08:02:44.659 [main] WARN  org.apache.poi.openxml4j.opc.OPCPackage - Unable to call close() on a package that hasn't been fully opened yet
08:14:59.521 [main] WARN  org.apache.poi.openxml4j.opc.OPCPackage - Unable to call close() on a package that hasn't been fully opened yet
08:17:46.608 [main] WARN  org.apache.poi.openxml4j.opc.OPCPackage - Unable to call close() on a package that hasn't been fully opened yet
08:19:55.798 [main] INFO  com.ebankingprpject.TestCases.TC_003_LoginDataDrivenTest -  Starting TC_003_LoginDataDrivenTest 
08:22:32.074 [main] INFO  com.ebankingprpject.TestCases.TC_003_LoginDataDrivenTest -  Starting TC_003_LoginDataDrivenTest 
08:26:25.062 [main] INFO  com.ebankingprpject.TestCases.TC_003_LoginDataDrivenTest -  Finished TC_003_LoginDataDrivenTest
08:26:25.092 [main] INFO  com.ebankingprpject.TestCases.TC_003_LoginDataDrivenTest -  Starting TC_003_LoginDataDrivenTest 
08:28:05.353 [main] INFO  com.ebankingprpject.TestCases.TC_003_LoginDataDrivenTest -  Starting TC_003_LoginDataDrivenTest 
08:29:45.568 [main] INFO  com.ebankingprpject.TestCases.TC_003_LoginDataDrivenTest -  Starting TC_003_LoginDataDrivenTest 
08:31:25.779 [main] INFO  com.ebankingprpject.TestCases.TC_003_LoginDataDrivenTest -  Starting TC_003_LoginDataDrivenTest 
11:01:37.264 [main] INFO  com.ebankingprpject.TestCases.TC_003_LoginDataDrivenTest -  Starting TC_003_LoginDataDrivenTest 
11:03:22.329 [main] INFO  com.ebankingprpject.TestCases.TC_003_LoginDataDrivenTest -  Finished TC_003_LoginDataDrivenTest
11:03:22.373 [main] INFO  com.ebankingprpject.TestCases.TC_003_LoginDataDrivenTest -  Starting TC_003_LoginDataDrivenTest 
11:05:02.858 [main] INFO  com.ebankingprpject.TestCases.TC_003_LoginDataDrivenTest -  Starting TC_003_LoginDataDrivenTest 
11:06:43.087 [main] INFO  com.ebankingprpject.TestCases.TC_003_LoginDataDrivenTest -  Starting TC_003_LoginDataDrivenTest 
11:08:23.360 [main] INFO  com.ebankingprpject.TestCases.TC_003_LoginDataDrivenTest -  Starting TC_003_LoginDataDrivenTest 
10:33:19.346 [main] INFO  com.ebankingprpject.TestCases.TC_003_LoginDataDrivenTest -  Starting TC_003_LoginDataDrivenTest 
10:35:04.735 [main] INFO  com.ebankingprpject.TestCases.TC_003_LoginDataDrivenTest -  Finished TC_003_LoginDataDrivenTest
10:35:04.776 [main] INFO  com.ebankingprpject.TestCases.TC_003_LoginDataDrivenTest -  Starting TC_003_LoginDataDrivenTest 
10:36:45.427 [main] INFO  com.ebankingprpject.TestCases.TC_003_LoginDataDrivenTest -  Starting TC_003_LoginDataDrivenTest 
10:38:25.677 [main] INFO  com.ebankingprpject.TestCases.TC_003_LoginDataDrivenTest -  Starting TC_003_LoginDataDrivenTest 
10:40:05.866 [main] INFO  com.ebankingprpject.TestCases.TC_003_LoginDataDrivenTest -  Starting TC_003_LoginDataDrivenTest 
11:19:42.617 [main] INFO  com.ebankingprpject.TestCases.TC_003_LoginDataDrivenTest -  Starting TC_003_LoginDataDrivenTest 
11:21:29.289 [main] INFO  com.ebankingprpject.TestCases.TC_003_LoginDataDrivenTest -  Finished TC_003_LoginDataDrivenTest
11:21:29.320 [main] INFO  com.ebankingprpject.TestCases.TC_003_LoginDataDrivenTest -  Starting TC_003_LoginDataDrivenTest 
